<?xml version="1.0" encoding="UTF-8"?>
<!-- Generated by org.testng.reporters.JUnitReportReporter -->
<testsuite hostname="DESKTOP-A7KAQ4I" failures="0" tests="1" name="qaclickacademymaven.MavenJava.SeleniumTest" time="2.017" errors="0" timestamp="25 Dec 2021 05:39:48 GMT" skipped="0">
  <testcase classname="qaclickacademymaven.MavenJava.SeleniumTest" name="loginwithvalidDetails" time="2.017"/>
</testsuite> <!-- qaclickacademymaven.MavenJava.SeleniumTest -->
