<?xml version="1.0" encoding="UTF-8"?>
<!-- Generated by org.testng.reporters.JUnitReportReporter -->
<testsuite hostname="DESKTOP-A7KAQ4I" failures="0" tests="1" name="qaclickacademymaven.MavenJava.Selenium2Test" time="2.765" errors="0" timestamp="25 Dec 2021 07:44:47 GMT" skipped="0">
  <testcase classname="qaclickacademymaven.MavenJava.Selenium2Test" name="loginwithvalidDetails" time="2.765"/>
</testsuite> <!-- qaclickacademymaven.MavenJava.Selenium2Test -->
