<?xml version="1.0" encoding="UTF-8"?>
<!-- Generated by org.testng.reporters.JUnitReportReporter -->
<testsuite skipped="0" hostname="DESKTOP-A7KAQ4I" name="qaclickacademymaven.MavenJava.Selenium3Test" tests="1" failures="0" timestamp="28 Dec 2021 07:02:22 GMT" time="4.041" errors="0">
  <testcase name="loginwithvalidDetails" time="4.041" classname="qaclickacademymaven.MavenJava.Selenium3Test"/>
</testsuite> <!-- qaclickacademymaven.MavenJava.Selenium3Test -->
